<?xml version="1.0" encoding="UTF-8"?>
<testsuite xmlns:xsi="http://www.w3.org/2001/XMLSchema-instance" xsi:noNamespaceSchemaLocation="https://maven.apache.org/surefire/maven-surefire-plugin/xsd/surefire-test-report.xsd" name="edu.weber.AppTest" time="0.227" tests="3" errors="0" skipped="0" failures="0">
  <properties>
[...]
</properties>
  <testcase name="mockShouldAddContact" classname="edu.weber.AppTest" time="0.178"/>
  <testcase name="mockShouldReturnContactList" classname="edu.weber.AppTest" time="0"/>
  <testcase name="mockShouldReturnContactsWithFirstNameOfTest" classname="edu.weber.AppTest" time="0.002"/>
</testsuite>